2023-02-28 01:34:06,076 ----------------------------------------------------------------------------------------------------
2023-02-28 01:34:06,078 Model: "SequenceTagger(
  (embeddings): SpanglishBilingualEmbeddings()
  (word_dropout): WordDropout(p=0.05)
  (locked_dropout): LockedDropout(p=0.5)
  (rnn): LSTM(300, 256, batch_first=True, bidirectional=True)
  (linear): Linear(in_features=512, out_features=21, bias=True)
  (loss_function): ViterbiLoss()
  (crf): CRF()
)"
2023-02-28 01:34:06,079 ----------------------------------------------------------------------------------------------------
2023-02-28 01:34:06,080 Corpus: "MultiCorpus: 32268 train + 4016 dev + 3187 test sentences
 - UD_ENGLISH Corpus: 12544 train + 2001 dev + 2077 test sentences - /root/.flair/datasets/ud_english
 - UD_SPANISH Corpus: 14187 train + 1400 dev + 426 test sentences - /root/.flair/datasets/ud_spanish
 - ColumnCorpus Corpus: 5537 train + 615 dev + 684 test sentences - ./"
2023-02-28 01:34:06,083 ----------------------------------------------------------------------------------------------------
2023-02-28 01:34:06,084 Parameters:
2023-02-28 01:34:06,085  - learning_rate: "0.100000"
2023-02-28 01:34:06,087  - mini_batch_size: "32"
2023-02-28 01:34:06,088  - patience: "3"
2023-02-28 01:34:06,089  - anneal_factor: "0.5"
2023-02-28 01:34:06,091  - max_epochs: "25"
2023-02-28 01:34:06,092  - shuffle: "True"
2023-02-28 01:34:06,094  - train_with_dev: "True"
2023-02-28 01:34:06,095  - batch_growth_annealing: "False"
2023-02-28 01:34:06,096 ----------------------------------------------------------------------------------------------------
2023-02-28 01:34:06,097 Model training base path: "upos-spanglish-MUSE-BiLSTM-CRF"
2023-02-28 01:34:06,099 ----------------------------------------------------------------------------------------------------
2023-02-28 01:34:06,100 Device: cuda:0
2023-02-28 01:34:06,102 ----------------------------------------------------------------------------------------------------
2023-02-28 01:34:06,103 Embeddings storage mode: cpu
2023-02-28 01:34:06,104 ----------------------------------------------------------------------------------------------------
2023-02-28 01:34:24,438 epoch 1 - iter 113/1134 - loss 2.17803676 - samples/sec: 227.33 - lr: 0.100000
2023-02-28 01:34:52,892 epoch 1 - iter 226/1134 - loss 1.76280213 - samples/sec: 231.15 - lr: 0.100000
2023-02-28 01:35:14,676 epoch 1 - iter 339/1134 - loss 1.51593135 - samples/sec: 249.56 - lr: 0.100000
2023-02-28 01:35:47,135 epoch 1 - iter 452/1134 - loss 1.31438274 - samples/sec: 175.56 - lr: 0.100000
2023-02-28 01:36:24,266 epoch 1 - iter 565/1134 - loss 1.13834114 - samples/sec: 147.95 - lr: 0.100000
2023-02-28 01:37:01,905 epoch 1 - iter 678/1134 - loss 1.01284270 - samples/sec: 136.26 - lr: 0.100000
2023-02-28 01:37:40,477 epoch 1 - iter 791/1134 - loss 0.92245369 - samples/sec: 142.77 - lr: 0.100000
2023-02-28 01:38:04,503 epoch 1 - iter 904/1134 - loss 0.90313988 - samples/sec: 175.72 - lr: 0.100000
2023-02-28 01:38:20,066 epoch 1 - iter 1017/1134 - loss 0.89797377 - samples/sec: 235.87 - lr: 0.100000
2023-02-28 01:38:44,771 epoch 1 - iter 1130/1134 - loss 0.87827940 - samples/sec: 215.74 - lr: 0.100000
2023-02-28 01:38:45,728 ----------------------------------------------------------------------------------------------------
2023-02-28 01:38:45,729 EPOCH 1 done: loss 0.8780 - lr 0.100000
2023-02-28 01:38:45,731 BAD EPOCHS (no improvement): 0
2023-02-28 01:38:45,733 ----------------------------------------------------------------------------------------------------
2023-02-28 01:39:14,182 epoch 2 - iter 113/1134 - loss 0.66787282 - samples/sec: 181.32 - lr: 0.100000
2023-02-28 01:39:42,990 epoch 2 - iter 226/1134 - loss 0.66315139 - samples/sec: 179.66 - lr: 0.100000
2023-02-28 01:40:09,941 epoch 2 - iter 339/1134 - loss 0.65921226 - samples/sec: 177.79 - lr: 0.100000
2023-02-28 01:40:39,290 epoch 2 - iter 452/1134 - loss 0.65685790 - samples/sec: 174.65 - lr: 0.100000
2023-02-28 01:41:08,044 epoch 2 - iter 565/1134 - loss 0.65117425 - samples/sec: 179.04 - lr: 0.100000
2023-02-28 01:41:37,294 epoch 2 - iter 678/1134 - loss 0.64614012 - samples/sec: 176.43 - lr: 0.100000
2023-02-28 01:42:06,058 epoch 2 - iter 791/1134 - loss 0.64231425 - samples/sec: 163.84 - lr: 0.100000
2023-02-28 01:42:35,493 epoch 2 - iter 904/1134 - loss 0.63809322 - samples/sec: 175.15 - lr: 0.100000
2023-02-28 01:43:04,455 epoch 2 - iter 1017/1134 - loss 0.63401154 - samples/sec: 178.27 - lr: 0.100000
2023-02-28 01:43:34,046 epoch 2 - iter 1130/1134 - loss 0.63179643 - samples/sec: 173.00 - lr: 0.100000
2023-02-28 01:43:34,870 ----------------------------------------------------------------------------------------------------
2023-02-28 01:43:34,872 EPOCH 2 done: loss 0.6315 - lr 0.100000
2023-02-28 01:43:34,873 BAD EPOCHS (no improvement): 0
2023-02-28 01:43:34,875 ----------------------------------------------------------------------------------------------------
2023-02-28 01:44:03,517 epoch 3 - iter 113/1134 - loss 0.58719180 - samples/sec: 181.10 - lr: 0.100000
2023-02-28 01:44:32,364 epoch 3 - iter 226/1134 - loss 0.59419606 - samples/sec: 178.05 - lr: 0.100000
2023-02-28 01:45:02,062 epoch 3 - iter 339/1134 - loss 0.59926746 - samples/sec: 171.33 - lr: 0.100000
2023-02-28 01:45:31,358 epoch 3 - iter 452/1134 - loss 0.60000404 - samples/sec: 175.63 - lr: 0.100000
2023-02-28 01:45:59,834 epoch 3 - iter 565/1134 - loss 0.59878150 - samples/sec: 181.83 - lr: 0.100000
2023-02-28 01:46:29,544 epoch 3 - iter 678/1134 - loss 0.59798078 - samples/sec: 172.84 - lr: 0.100000
2023-02-28 01:46:57,673 epoch 3 - iter 791/1134 - loss 0.59735835 - samples/sec: 185.19 - lr: 0.100000
2023-02-28 01:47:26,497 epoch 3 - iter 904/1134 - loss 0.59591177 - samples/sec: 163.45 - lr: 0.100000
2023-02-28 01:47:55,770 epoch 3 - iter 1017/1134 - loss 0.59408206 - samples/sec: 176.11 - lr: 0.100000
2023-02-28 01:48:25,719 epoch 3 - iter 1130/1134 - loss 0.59405086 - samples/sec: 171.27 - lr: 0.100000
2023-02-28 01:48:26,535 ----------------------------------------------------------------------------------------------------
2023-02-28 01:48:26,538 EPOCH 3 done: loss 0.5938 - lr 0.100000
2023-02-28 01:48:26,539 BAD EPOCHS (no improvement): 0
2023-02-28 01:48:26,542 ----------------------------------------------------------------------------------------------------
2023-02-28 01:48:54,823 epoch 4 - iter 113/1134 - loss 0.58071432 - samples/sec: 183.21 - lr: 0.100000
2023-02-28 01:49:23,948 epoch 4 - iter 226/1134 - loss 0.57946887 - samples/sec: 161.96 - lr: 0.100000
2023-02-28 01:49:52,891 epoch 4 - iter 339/1134 - loss 0.58006624 - samples/sec: 178.22 - lr: 0.100000
2023-02-28 01:50:23,666 epoch 4 - iter 452/1134 - loss 0.57840094 - samples/sec: 150.86 - lr: 0.100000
2023-02-28 01:50:52,739 epoch 4 - iter 565/1134 - loss 0.57780117 - samples/sec: 176.79 - lr: 0.100000
2023-02-28 01:51:21,498 epoch 4 - iter 678/1134 - loss 0.57792732 - samples/sec: 179.62 - lr: 0.100000
2023-02-28 01:51:50,620 epoch 4 - iter 791/1134 - loss 0.57846821 - samples/sec: 177.12 - lr: 0.100000
2023-02-28 01:52:19,892 epoch 4 - iter 904/1134 - loss 0.57909614 - samples/sec: 177.12 - lr: 0.100000
2023-02-28 01:52:47,034 epoch 4 - iter 1017/1134 - loss 0.57804641 - samples/sec: 178.83 - lr: 0.100000
2023-02-28 01:53:16,551 epoch 4 - iter 1130/1134 - loss 0.57710724 - samples/sec: 174.74 - lr: 0.100000
2023-02-28 01:53:19,483 ----------------------------------------------------------------------------------------------------
2023-02-28 01:53:19,485 EPOCH 4 done: loss 0.5772 - lr 0.100000
2023-02-28 01:53:19,488 BAD EPOCHS (no improvement): 0
2023-02-28 01:53:19,490 ----------------------------------------------------------------------------------------------------
2023-02-28 01:53:46,949 epoch 5 - iter 113/1134 - loss 0.57084845 - samples/sec: 173.91 - lr: 0.100000
2023-02-28 01:54:16,635 epoch 5 - iter 226/1134 - loss 0.57182280 - samples/sec: 172.97 - lr: 0.100000
2023-02-28 01:54:45,382 epoch 5 - iter 339/1134 - loss 0.57033885 - samples/sec: 181.36 - lr: 0.100000
2023-02-28 01:55:14,723 epoch 5 - iter 452/1134 - loss 0.56946108 - samples/sec: 160.10 - lr: 0.100000
2023-02-28 01:55:43,557 epoch 5 - iter 565/1134 - loss 0.56704017 - samples/sec: 179.77 - lr: 0.100000
2023-02-28 01:56:12,692 epoch 5 - iter 678/1134 - loss 0.56711961 - samples/sec: 162.31 - lr: 0.100000
2023-02-28 01:56:42,203 epoch 5 - iter 791/1134 - loss 0.56679106 - samples/sec: 174.50 - lr: 0.100000
2023-02-28 01:57:11,429 epoch 5 - iter 904/1134 - loss 0.56655094 - samples/sec: 176.76 - lr: 0.100000
2023-02-28 01:57:40,519 epoch 5 - iter 1017/1134 - loss 0.56460153 - samples/sec: 177.83 - lr: 0.100000
2023-02-28 01:58:09,603 epoch 5 - iter 1130/1134 - loss 0.56417598 - samples/sec: 177.74 - lr: 0.100000
2023-02-28 01:58:10,578 ----------------------------------------------------------------------------------------------------
2023-02-28 01:58:10,581 EPOCH 5 done: loss 0.5643 - lr 0.100000
2023-02-28 01:58:10,582 BAD EPOCHS (no improvement): 0
2023-02-28 01:58:10,584 ----------------------------------------------------------------------------------------------------
2023-02-28 01:58:39,966 epoch 6 - iter 113/1134 - loss 0.55130682 - samples/sec: 175.47 - lr: 0.100000
2023-02-28 01:59:08,543 epoch 6 - iter 226/1134 - loss 0.55849921 - samples/sec: 165.12 - lr: 0.100000
2023-02-28 01:59:38,386 epoch 6 - iter 339/1134 - loss 0.55679051 - samples/sec: 171.82 - lr: 0.100000
2023-02-28 02:00:07,569 epoch 6 - iter 452/1134 - loss 0.55441990 - samples/sec: 177.27 - lr: 0.100000
2023-02-28 02:00:36,620 epoch 6 - iter 565/1134 - loss 0.55368368 - samples/sec: 177.41 - lr: 0.100000
2023-02-28 02:01:05,594 epoch 6 - iter 678/1134 - loss 0.55236330 - samples/sec: 178.30 - lr: 0.100000
2023-02-28 02:01:35,218 epoch 6 - iter 791/1134 - loss 0.55254596 - samples/sec: 173.43 - lr: 0.100000
2023-02-28 02:02:03,911 epoch 6 - iter 904/1134 - loss 0.55250872 - samples/sec: 180.27 - lr: 0.100000
2023-02-28 02:02:33,813 epoch 6 - iter 1017/1134 - loss 0.55300215 - samples/sec: 171.02 - lr: 0.100000
2023-02-28 02:03:01,925 epoch 6 - iter 1130/1134 - loss 0.55288077 - samples/sec: 185.37 - lr: 0.100000
2023-02-28 02:03:02,910 ----------------------------------------------------------------------------------------------------
2023-02-28 02:03:02,912 EPOCH 6 done: loss 0.5528 - lr 0.100000
2023-02-28 02:03:02,914 BAD EPOCHS (no improvement): 0
2023-02-28 02:03:02,916 ----------------------------------------------------------------------------------------------------
2023-02-28 02:03:31,566 epoch 7 - iter 113/1134 - loss 0.54954957 - samples/sec: 164.54 - lr: 0.100000
2023-02-28 02:04:01,071 epoch 7 - iter 226/1134 - loss 0.54487207 - samples/sec: 158.70 - lr: 0.100000
2023-02-28 02:04:29,541 epoch 7 - iter 339/1134 - loss 0.54411747 - samples/sec: 182.16 - lr: 0.100000
2023-02-28 02:04:58,232 epoch 7 - iter 452/1134 - loss 0.54312841 - samples/sec: 179.96 - lr: 0.100000
2023-02-28 02:05:27,919 epoch 7 - iter 565/1134 - loss 0.54169285 - samples/sec: 172.43 - lr: 0.100000
2023-02-28 02:05:57,016 epoch 7 - iter 678/1134 - loss 0.54166839 - samples/sec: 177.41 - lr: 0.100000
2023-02-28 02:06:22,908 epoch 7 - iter 791/1134 - loss 0.54167541 - samples/sec: 187.74 - lr: 0.100000
2023-02-28 02:06:52,519 epoch 7 - iter 904/1134 - loss 0.54257748 - samples/sec: 172.81 - lr: 0.100000
2023-02-28 02:07:21,822 epoch 7 - iter 1017/1134 - loss 0.54181016 - samples/sec: 175.97 - lr: 0.100000
2023-02-28 02:07:51,168 epoch 7 - iter 1130/1134 - loss 0.54143622 - samples/sec: 175.42 - lr: 0.100000
2023-02-28 02:07:51,952 ----------------------------------------------------------------------------------------------------
2023-02-28 02:07:51,955 EPOCH 7 done: loss 0.5415 - lr 0.100000
2023-02-28 02:07:51,956 BAD EPOCHS (no improvement): 0
2023-02-28 02:07:51,958 ----------------------------------------------------------------------------------------------------
2023-02-28 02:08:20,654 epoch 8 - iter 113/1134 - loss 0.52804383 - samples/sec: 180.64 - lr: 0.100000
2023-02-28 02:08:49,062 epoch 8 - iter 226/1134 - loss 0.53310837 - samples/sec: 182.84 - lr: 0.100000
2023-02-28 02:09:17,556 epoch 8 - iter 339/1134 - loss 0.53579406 - samples/sec: 181.14 - lr: 0.100000
2023-02-28 02:09:45,281 epoch 8 - iter 452/1134 - loss 0.53143113 - samples/sec: 187.78 - lr: 0.100000
2023-02-28 02:10:15,062 epoch 8 - iter 565/1134 - loss 0.53471293 - samples/sec: 172.75 - lr: 0.100000
2023-02-28 02:10:44,705 epoch 8 - iter 678/1134 - loss 0.53330492 - samples/sec: 174.91 - lr: 0.100000
2023-02-28 02:11:14,033 epoch 8 - iter 791/1134 - loss 0.53273110 - samples/sec: 160.30 - lr: 0.100000
2023-02-28 02:11:42,640 epoch 8 - iter 904/1134 - loss 0.53182189 - samples/sec: 182.43 - lr: 0.100000
2023-02-28 02:12:13,102 epoch 8 - iter 1017/1134 - loss 0.53184433 - samples/sec: 152.72 - lr: 0.100000
2023-02-28 02:12:42,502 epoch 8 - iter 1130/1134 - loss 0.53178049 - samples/sec: 159.12 - lr: 0.100000
2023-02-28 02:12:43,281 ----------------------------------------------------------------------------------------------------
2023-02-28 02:12:43,284 EPOCH 8 done: loss 0.5320 - lr 0.100000
2023-02-28 02:12:43,285 BAD EPOCHS (no improvement): 0
2023-02-28 02:12:43,287 ----------------------------------------------------------------------------------------------------
2023-02-28 02:13:12,841 epoch 9 - iter 113/1134 - loss 0.50990646 - samples/sec: 160.29 - lr: 0.100000
2023-02-28 02:13:41,232 epoch 9 - iter 226/1134 - loss 0.52134568 - samples/sec: 182.72 - lr: 0.100000
2023-02-28 02:14:10,272 epoch 9 - iter 339/1134 - loss 0.52410072 - samples/sec: 162.42 - lr: 0.100000
2023-02-28 02:14:38,675 epoch 9 - iter 452/1134 - loss 0.52272920 - samples/sec: 182.76 - lr: 0.100000
2023-02-28 02:15:08,184 epoch 9 - iter 565/1134 - loss 0.52174689 - samples/sec: 174.23 - lr: 0.100000
2023-02-28 02:15:36,354 epoch 9 - iter 678/1134 - loss 0.52178542 - samples/sec: 183.91 - lr: 0.100000
2023-02-28 02:16:05,128 epoch 9 - iter 791/1134 - loss 0.52163038 - samples/sec: 179.46 - lr: 0.100000
2023-02-28 02:16:34,617 epoch 9 - iter 904/1134 - loss 0.52286820 - samples/sec: 172.61 - lr: 0.100000
2023-02-28 02:17:03,392 epoch 9 - iter 1017/1134 - loss 0.52260571 - samples/sec: 179.31 - lr: 0.100000
2023-02-28 02:17:31,994 epoch 9 - iter 1130/1134 - loss 0.52255811 - samples/sec: 180.61 - lr: 0.100000
2023-02-28 02:17:32,654 ----------------------------------------------------------------------------------------------------
2023-02-28 02:17:32,657 EPOCH 9 done: loss 0.5226 - lr 0.100000
2023-02-28 02:17:32,659 BAD EPOCHS (no improvement): 0
2023-02-28 02:17:32,661 ----------------------------------------------------------------------------------------------------
2023-02-28 02:18:01,089 epoch 10 - iter 113/1134 - loss 0.51382792 - samples/sec: 182.56 - lr: 0.100000
2023-02-28 02:18:30,478 epoch 10 - iter 226/1134 - loss 0.51186408 - samples/sec: 174.52 - lr: 0.100000
2023-02-28 02:18:58,664 epoch 10 - iter 339/1134 - loss 0.51351750 - samples/sec: 184.60 - lr: 0.100000
2023-02-28 02:19:25,329 epoch 10 - iter 452/1134 - loss 0.51387962 - samples/sec: 179.86 - lr: 0.100000
2023-02-28 02:19:54,902 epoch 10 - iter 565/1134 - loss 0.51361628 - samples/sec: 158.45 - lr: 0.100000
2023-02-28 02:20:23,912 epoch 10 - iter 678/1134 - loss 0.51158707 - samples/sec: 162.43 - lr: 0.100000
2023-02-28 02:20:52,517 epoch 10 - iter 791/1134 - loss 0.50995031 - samples/sec: 151.68 - lr: 0.100000
2023-02-28 02:21:20,922 epoch 10 - iter 904/1134 - loss 0.51097361 - samples/sec: 183.04 - lr: 0.100000
2023-02-28 02:21:50,004 epoch 10 - iter 1017/1134 - loss 0.51173027 - samples/sec: 177.05 - lr: 0.100000
2023-02-28 02:22:19,828 epoch 10 - iter 1130/1134 - loss 0.51169952 - samples/sec: 171.77 - lr: 0.100000
2023-02-28 02:22:20,494 ----------------------------------------------------------------------------------------------------
2023-02-28 02:22:20,497 EPOCH 10 done: loss 0.5117 - lr 0.100000
2023-02-28 02:22:20,498 BAD EPOCHS (no improvement): 0
2023-02-28 02:22:20,500 ----------------------------------------------------------------------------------------------------
2023-02-28 02:22:49,540 epoch 11 - iter 113/1134 - loss 0.49932749 - samples/sec: 161.73 - lr: 0.100000
2023-02-28 02:23:19,335 epoch 11 - iter 226/1134 - loss 0.50039693 - samples/sec: 171.55 - lr: 0.100000
2023-02-28 02:23:48,275 epoch 11 - iter 339/1134 - loss 0.50159873 - samples/sec: 177.96 - lr: 0.100000
2023-02-28 02:24:17,386 epoch 11 - iter 452/1134 - loss 0.50147259 - samples/sec: 177.51 - lr: 0.100000
2023-02-28 02:24:46,069 epoch 11 - iter 565/1134 - loss 0.50223623 - samples/sec: 179.97 - lr: 0.100000
2023-02-28 02:25:14,847 epoch 11 - iter 678/1134 - loss 0.50301680 - samples/sec: 163.66 - lr: 0.100000
2023-02-28 02:25:42,930 epoch 11 - iter 791/1134 - loss 0.50290535 - samples/sec: 185.74 - lr: 0.100000
2023-02-28 02:26:11,426 epoch 11 - iter 904/1134 - loss 0.50218878 - samples/sec: 181.99 - lr: 0.100000
2023-02-28 02:26:40,760 epoch 11 - iter 1017/1134 - loss 0.50276903 - samples/sec: 159.58 - lr: 0.100000
2023-02-28 02:27:09,482 epoch 11 - iter 1130/1134 - loss 0.50232413 - samples/sec: 179.97 - lr: 0.100000
2023-02-28 02:27:10,278 ----------------------------------------------------------------------------------------------------
2023-02-28 02:27:10,280 EPOCH 11 done: loss 0.5022 - lr 0.100000
2023-02-28 02:27:10,281 BAD EPOCHS (no improvement): 0
2023-02-28 02:27:10,284 ----------------------------------------------------------------------------------------------------
2023-02-28 02:27:39,322 epoch 12 - iter 113/1134 - loss 0.49725740 - samples/sec: 176.67 - lr: 0.100000
2023-02-28 02:28:07,952 epoch 12 - iter 226/1134 - loss 0.49785423 - samples/sec: 181.31 - lr: 0.100000
2023-02-28 02:28:37,309 epoch 12 - iter 339/1134 - loss 0.49322303 - samples/sec: 177.27 - lr: 0.100000
2023-02-28 02:29:06,119 epoch 12 - iter 452/1134 - loss 0.49339991 - samples/sec: 180.64 - lr: 0.100000
2023-02-28 02:29:35,815 epoch 12 - iter 565/1134 - loss 0.49312283 - samples/sec: 173.17 - lr: 0.100000
2023-02-28 02:30:05,825 epoch 12 - iter 678/1134 - loss 0.49470315 - samples/sec: 171.19 - lr: 0.100000
2023-02-28 02:30:35,000 epoch 12 - iter 791/1134 - loss 0.49642279 - samples/sec: 176.86 - lr: 0.100000
2023-02-28 02:31:04,190 epoch 12 - iter 904/1134 - loss 0.49504943 - samples/sec: 177.19 - lr: 0.100000
2023-02-28 02:31:30,298 epoch 12 - iter 1017/1134 - loss 0.49419801 - samples/sec: 169.08 - lr: 0.100000
2023-02-28 02:31:59,736 epoch 12 - iter 1130/1134 - loss 0.49347971 - samples/sec: 173.96 - lr: 0.100000
2023-02-28 02:32:02,602 ----------------------------------------------------------------------------------------------------
2023-02-28 02:32:02,604 EPOCH 12 done: loss 0.4934 - lr 0.100000
2023-02-28 02:32:02,606 BAD EPOCHS (no improvement): 0
2023-02-28 02:32:02,607 ----------------------------------------------------------------------------------------------------
2023-02-28 02:32:29,283 epoch 13 - iter 113/1134 - loss 0.49145002 - samples/sec: 165.19 - lr: 0.100000
2023-02-28 02:32:58,474 epoch 13 - iter 226/1134 - loss 0.48441837 - samples/sec: 176.08 - lr: 0.100000
2023-02-28 02:33:26,700 epoch 13 - iter 339/1134 - loss 0.48504032 - samples/sec: 182.85 - lr: 0.100000
2023-02-28 02:33:55,536 epoch 13 - iter 452/1134 - loss 0.48540503 - samples/sec: 177.81 - lr: 0.100000
2023-02-28 02:34:24,497 epoch 13 - iter 565/1134 - loss 0.48468682 - samples/sec: 176.85 - lr: 0.100000
2023-02-28 02:34:52,766 epoch 13 - iter 678/1134 - loss 0.48507273 - samples/sec: 167.20 - lr: 0.100000
2023-02-28 02:35:21,453 epoch 13 - iter 791/1134 - loss 0.48473603 - samples/sec: 179.80 - lr: 0.100000
2023-02-28 02:35:50,662 epoch 13 - iter 904/1134 - loss 0.48441862 - samples/sec: 161.19 - lr: 0.100000
2023-02-28 02:36:19,511 epoch 13 - iter 1017/1134 - loss 0.48416300 - samples/sec: 178.97 - lr: 0.100000
2023-02-28 02:36:48,307 epoch 13 - iter 1130/1134 - loss 0.48343523 - samples/sec: 178.85 - lr: 0.100000
2023-02-28 02:36:49,171 ----------------------------------------------------------------------------------------------------
2023-02-28 02:36:49,174 EPOCH 13 done: loss 0.4835 - lr 0.100000
2023-02-28 02:36:49,175 BAD EPOCHS (no improvement): 0
2023-02-28 02:36:49,178 ----------------------------------------------------------------------------------------------------
2023-02-28 02:37:18,010 epoch 14 - iter 113/1134 - loss 0.47401431 - samples/sec: 163.26 - lr: 0.100000
2023-02-28 02:37:46,897 epoch 14 - iter 226/1134 - loss 0.47406420 - samples/sec: 178.46 - lr: 0.100000
2023-02-28 02:38:15,390 epoch 14 - iter 339/1134 - loss 0.47349658 - samples/sec: 182.33 - lr: 0.100000
2023-02-28 02:38:43,423 epoch 14 - iter 452/1134 - loss 0.47385524 - samples/sec: 185.20 - lr: 0.100000
2023-02-28 02:39:12,604 epoch 14 - iter 565/1134 - loss 0.47561464 - samples/sec: 175.28 - lr: 0.100000
2023-02-28 02:39:42,089 epoch 14 - iter 678/1134 - loss 0.47574035 - samples/sec: 173.81 - lr: 0.100000
2023-02-28 02:40:10,530 epoch 14 - iter 791/1134 - loss 0.47614563 - samples/sec: 165.64 - lr: 0.100000
2023-02-28 02:40:39,719 epoch 14 - iter 904/1134 - loss 0.47633014 - samples/sec: 175.84 - lr: 0.100000
2023-02-28 02:41:08,287 epoch 14 - iter 1017/1134 - loss 0.47570963 - samples/sec: 180.72 - lr: 0.100000
2023-02-28 02:41:36,883 epoch 14 - iter 1130/1134 - loss 0.47591960 - samples/sec: 180.84 - lr: 0.100000
2023-02-28 02:41:37,680 ----------------------------------------------------------------------------------------------------
2023-02-28 02:41:37,682 EPOCH 14 done: loss 0.4759 - lr 0.100000
2023-02-28 02:41:37,684 BAD EPOCHS (no improvement): 0
2023-02-28 02:41:37,686 ----------------------------------------------------------------------------------------------------
2023-02-28 02:42:06,395 epoch 15 - iter 113/1134 - loss 0.47676125 - samples/sec: 179.90 - lr: 0.100000
2023-02-28 02:42:35,076 epoch 15 - iter 226/1134 - loss 0.47229997 - samples/sec: 180.55 - lr: 0.100000
2023-02-28 02:43:04,221 epoch 15 - iter 339/1134 - loss 0.47064994 - samples/sec: 161.91 - lr: 0.100000
2023-02-28 02:43:33,263 epoch 15 - iter 452/1134 - loss 0.47126680 - samples/sec: 177.75 - lr: 0.100000
2023-02-28 02:44:02,472 epoch 15 - iter 565/1134 - loss 0.47054861 - samples/sec: 176.16 - lr: 0.100000
2023-02-28 02:44:31,314 epoch 15 - iter 678/1134 - loss 0.46921880 - samples/sec: 179.72 - lr: 0.100000
2023-02-28 02:45:00,129 epoch 15 - iter 791/1134 - loss 0.46824704 - samples/sec: 179.85 - lr: 0.100000
2023-02-28 02:45:26,654 epoch 15 - iter 904/1134 - loss 0.46784800 - samples/sec: 182.24 - lr: 0.100000
2023-02-28 02:45:55,593 epoch 15 - iter 1017/1134 - loss 0.46768223 - samples/sec: 178.03 - lr: 0.100000
2023-02-28 02:46:24,798 epoch 15 - iter 1130/1134 - loss 0.46855421 - samples/sec: 176.03 - lr: 0.100000
2023-02-28 02:46:25,644 ----------------------------------------------------------------------------------------------------
2023-02-28 02:46:25,646 EPOCH 15 done: loss 0.4685 - lr 0.100000
2023-02-28 02:46:25,649 BAD EPOCHS (no improvement): 0
2023-02-28 02:46:25,651 ----------------------------------------------------------------------------------------------------
2023-02-28 02:46:55,506 epoch 16 - iter 113/1134 - loss 0.45976256 - samples/sec: 173.43 - lr: 0.100000
2023-02-28 02:47:24,079 epoch 16 - iter 226/1134 - loss 0.46097985 - samples/sec: 183.08 - lr: 0.100000
2023-02-28 02:47:53,804 epoch 16 - iter 339/1134 - loss 0.45981173 - samples/sec: 173.25 - lr: 0.100000
2023-02-28 02:48:23,399 epoch 16 - iter 452/1134 - loss 0.46078631 - samples/sec: 174.28 - lr: 0.100000
2023-02-28 02:48:52,056 epoch 16 - iter 565/1134 - loss 0.46325288 - samples/sec: 181.37 - lr: 0.100000
2023-02-28 02:49:21,087 epoch 16 - iter 678/1134 - loss 0.46423602 - samples/sec: 162.38 - lr: 0.100000
2023-02-28 02:49:50,146 epoch 16 - iter 791/1134 - loss 0.46287382 - samples/sec: 176.98 - lr: 0.100000
2023-02-28 02:50:18,879 epoch 16 - iter 904/1134 - loss 0.46253534 - samples/sec: 179.14 - lr: 0.100000
2023-02-28 02:50:47,519 epoch 16 - iter 1017/1134 - loss 0.46102942 - samples/sec: 180.13 - lr: 0.100000
2023-02-28 02:51:15,819 epoch 16 - iter 1130/1134 - loss 0.46093094 - samples/sec: 182.70 - lr: 0.100000
2023-02-28 02:51:16,607 ----------------------------------------------------------------------------------------------------
2023-02-28 02:51:16,609 EPOCH 16 done: loss 0.4611 - lr 0.100000
2023-02-28 02:51:16,610 BAD EPOCHS (no improvement): 0
2023-02-28 02:51:16,613 ----------------------------------------------------------------------------------------------------
2023-02-28 02:51:44,557 epoch 17 - iter 113/1134 - loss 0.44687781 - samples/sec: 185.60 - lr: 0.100000
2023-02-28 02:52:12,987 epoch 17 - iter 226/1134 - loss 0.45227289 - samples/sec: 182.46 - lr: 0.100000
2023-02-28 02:52:42,057 epoch 17 - iter 339/1134 - loss 0.45257510 - samples/sec: 176.95 - lr: 0.100000
2023-02-28 02:53:10,201 epoch 17 - iter 452/1134 - loss 0.45382141 - samples/sec: 184.02 - lr: 0.100000
2023-02-28 02:53:38,670 epoch 17 - iter 565/1134 - loss 0.45309207 - samples/sec: 165.50 - lr: 0.100000
2023-02-28 02:54:06,893 epoch 17 - iter 678/1134 - loss 0.45426809 - samples/sec: 183.29 - lr: 0.100000
2023-02-28 02:54:35,602 epoch 17 - iter 791/1134 - loss 0.45401127 - samples/sec: 178.71 - lr: 0.100000
2023-02-28 02:55:04,063 epoch 17 - iter 904/1134 - loss 0.45472120 - samples/sec: 181.24 - lr: 0.100000
2023-02-28 02:55:32,428 epoch 17 - iter 1017/1134 - loss 0.45440686 - samples/sec: 181.96 - lr: 0.100000
2023-02-28 02:56:01,158 epoch 17 - iter 1130/1134 - loss 0.45396270 - samples/sec: 179.29 - lr: 0.100000
2023-02-28 02:56:01,919 ----------------------------------------------------------------------------------------------------
2023-02-28 02:56:01,922 EPOCH 17 done: loss 0.4539 - lr 0.100000
2023-02-28 02:56:01,923 BAD EPOCHS (no improvement): 0
2023-02-28 02:56:01,925 ----------------------------------------------------------------------------------------------------
2023-02-28 02:56:30,006 epoch 18 - iter 113/1134 - loss 0.45853065 - samples/sec: 184.09 - lr: 0.100000
2023-02-28 02:56:58,458 epoch 18 - iter 226/1134 - loss 0.45325763 - samples/sec: 181.83 - lr: 0.100000
2023-02-28 02:57:26,601 epoch 18 - iter 339/1134 - loss 0.45235742 - samples/sec: 183.95 - lr: 0.100000
2023-02-28 02:57:54,436 epoch 18 - iter 452/1134 - loss 0.45256654 - samples/sec: 186.96 - lr: 0.100000
2023-02-28 02:58:21,931 epoch 18 - iter 565/1134 - loss 0.45310404 - samples/sec: 173.63 - lr: 0.100000
2023-02-28 02:58:50,821 epoch 18 - iter 678/1134 - loss 0.45054875 - samples/sec: 178.24 - lr: 0.100000
2023-02-28 02:59:19,085 epoch 18 - iter 791/1134 - loss 0.44922033 - samples/sec: 183.65 - lr: 0.100000
2023-02-28 02:59:46,580 epoch 18 - iter 904/1134 - loss 0.44938451 - samples/sec: 189.25 - lr: 0.100000
2023-02-28 03:00:16,054 epoch 18 - iter 1017/1134 - loss 0.44924866 - samples/sec: 172.47 - lr: 0.100000
2023-02-28 03:00:44,588 epoch 18 - iter 1130/1134 - loss 0.44852405 - samples/sec: 181.04 - lr: 0.100000
2023-02-28 03:00:45,363 ----------------------------------------------------------------------------------------------------
2023-02-28 03:00:45,365 EPOCH 18 done: loss 0.4486 - lr 0.100000
2023-02-28 03:00:45,367 BAD EPOCHS (no improvement): 0
2023-02-28 03:00:45,369 ----------------------------------------------------------------------------------------------------
2023-02-28 03:01:12,947 epoch 19 - iter 113/1134 - loss 0.44386579 - samples/sec: 188.79 - lr: 0.100000
2023-02-28 03:01:41,743 epoch 19 - iter 226/1134 - loss 0.44153121 - samples/sec: 178.90 - lr: 0.100000
2023-02-28 03:02:10,299 epoch 19 - iter 339/1134 - loss 0.44341347 - samples/sec: 180.81 - lr: 0.100000
2023-02-28 03:02:38,631 epoch 19 - iter 452/1134 - loss 0.44555496 - samples/sec: 182.06 - lr: 0.100000
2023-02-28 03:03:07,551 epoch 19 - iter 565/1134 - loss 0.44323330 - samples/sec: 177.55 - lr: 0.100000
2023-02-28 03:03:36,669 epoch 19 - iter 678/1134 - loss 0.44163484 - samples/sec: 175.05 - lr: 0.100000
2023-02-28 03:04:05,131 epoch 19 - iter 791/1134 - loss 0.44130682 - samples/sec: 166.31 - lr: 0.100000
2023-02-28 03:04:32,641 epoch 19 - iter 904/1134 - loss 0.44083753 - samples/sec: 172.01 - lr: 0.100000
2023-02-28 03:05:02,120 epoch 19 - iter 1017/1134 - loss 0.44055793 - samples/sec: 158.28 - lr: 0.100000
2023-02-28 03:05:30,368 epoch 19 - iter 1130/1134 - loss 0.43998859 - samples/sec: 183.14 - lr: 0.100000
2023-02-28 03:05:31,188 ----------------------------------------------------------------------------------------------------
2023-02-28 03:05:31,190 EPOCH 19 done: loss 0.4399 - lr 0.100000
2023-02-28 03:05:31,192 BAD EPOCHS (no improvement): 0
2023-02-28 03:05:31,194 ----------------------------------------------------------------------------------------------------
2023-02-28 03:05:59,571 epoch 20 - iter 113/1134 - loss 0.43033872 - samples/sec: 182.03 - lr: 0.100000
2023-02-28 03:06:27,198 epoch 20 - iter 226/1134 - loss 0.43395229 - samples/sec: 188.23 - lr: 0.100000
2023-02-28 03:06:55,945 epoch 20 - iter 339/1134 - loss 0.43521319 - samples/sec: 178.95 - lr: 0.100000
2023-02-28 03:07:24,469 epoch 20 - iter 452/1134 - loss 0.43515952 - samples/sec: 165.37 - lr: 0.100000
2023-02-28 03:07:52,920 epoch 20 - iter 565/1134 - loss 0.43644429 - samples/sec: 181.24 - lr: 0.100000
2023-02-28 03:08:21,885 epoch 20 - iter 678/1134 - loss 0.43572720 - samples/sec: 176.94 - lr: 0.100000
2023-02-28 03:08:50,363 epoch 20 - iter 791/1134 - loss 0.43636909 - samples/sec: 151.72 - lr: 0.100000
2023-02-28 03:09:18,723 epoch 20 - iter 904/1134 - loss 0.43567582 - samples/sec: 182.23 - lr: 0.100000
2023-02-28 03:09:47,762 epoch 20 - iter 1017/1134 - loss 0.43533449 - samples/sec: 176.80 - lr: 0.100000
2023-02-28 03:10:16,971 epoch 20 - iter 1130/1134 - loss 0.43533054 - samples/sec: 175.57 - lr: 0.100000
2023-02-28 03:10:17,657 ----------------------------------------------------------------------------------------------------
2023-02-28 03:10:17,659 EPOCH 20 done: loss 0.4354 - lr 0.100000
2023-02-28 03:10:17,661 BAD EPOCHS (no improvement): 0
2023-02-28 03:10:17,663 ----------------------------------------------------------------------------------------------------
2023-02-28 03:10:46,066 epoch 21 - iter 113/1134 - loss 0.42635628 - samples/sec: 181.47 - lr: 0.100000
2023-02-28 03:11:14,187 epoch 21 - iter 226/1134 - loss 0.42775797 - samples/sec: 167.70 - lr: 0.100000
2023-02-28 03:11:40,964 epoch 21 - iter 339/1134 - loss 0.42687818 - samples/sec: 179.35 - lr: 0.100000
2023-02-28 03:12:09,845 epoch 21 - iter 452/1134 - loss 0.42776396 - samples/sec: 177.98 - lr: 0.100000
2023-02-28 03:12:37,537 epoch 21 - iter 565/1134 - loss 0.42742329 - samples/sec: 187.85 - lr: 0.100000
2023-02-28 03:13:06,006 epoch 21 - iter 678/1134 - loss 0.42841738 - samples/sec: 181.00 - lr: 0.100000
2023-02-28 03:13:35,405 epoch 21 - iter 791/1134 - loss 0.42905107 - samples/sec: 173.36 - lr: 0.100000
2023-02-28 03:14:03,677 epoch 21 - iter 904/1134 - loss 0.42884390 - samples/sec: 182.99 - lr: 0.100000
2023-02-28 03:14:32,310 epoch 21 - iter 1017/1134 - loss 0.42822439 - samples/sec: 164.98 - lr: 0.100000
2023-02-28 03:15:00,975 epoch 21 - iter 1130/1134 - loss 0.42753892 - samples/sec: 179.61 - lr: 0.100000
2023-02-28 03:15:01,933 ----------------------------------------------------------------------------------------------------
2023-02-28 03:15:01,936 EPOCH 21 done: loss 0.4276 - lr 0.100000
2023-02-28 03:15:01,937 BAD EPOCHS (no improvement): 0
2023-02-28 03:15:01,939 ----------------------------------------------------------------------------------------------------
2023-02-28 03:15:30,575 epoch 22 - iter 113/1134 - loss 0.41140909 - samples/sec: 180.89 - lr: 0.100000
2023-02-28 03:15:58,378 epoch 22 - iter 226/1134 - loss 0.41923830 - samples/sec: 170.64 - lr: 0.100000
2023-02-28 03:16:26,961 epoch 22 - iter 339/1134 - loss 0.42230835 - samples/sec: 181.77 - lr: 0.100000
2023-02-28 03:16:55,267 epoch 22 - iter 452/1134 - loss 0.42294811 - samples/sec: 182.43 - lr: 0.100000
2023-02-28 03:17:24,188 epoch 22 - iter 565/1134 - loss 0.42389287 - samples/sec: 177.98 - lr: 0.100000
2023-02-28 03:17:53,398 epoch 22 - iter 678/1134 - loss 0.42334903 - samples/sec: 174.63 - lr: 0.100000
2023-02-28 03:18:22,739 epoch 22 - iter 791/1134 - loss 0.42386186 - samples/sec: 160.10 - lr: 0.100000
2023-02-28 03:18:51,157 epoch 22 - iter 904/1134 - loss 0.42437223 - samples/sec: 182.83 - lr: 0.100000
2023-02-28 03:19:20,058 epoch 22 - iter 1017/1134 - loss 0.42418521 - samples/sec: 178.47 - lr: 0.100000
2023-02-28 03:19:48,957 epoch 22 - iter 1130/1134 - loss 0.42397213 - samples/sec: 177.90 - lr: 0.100000
2023-02-28 03:19:49,808 ----------------------------------------------------------------------------------------------------
2023-02-28 03:19:49,809 EPOCH 22 done: loss 0.4239 - lr 0.100000
2023-02-28 03:19:49,810 BAD EPOCHS (no improvement): 0
2023-02-28 03:19:49,814 ----------------------------------------------------------------------------------------------------
2023-02-28 03:20:19,202 epoch 23 - iter 113/1134 - loss 0.42503063 - samples/sec: 174.20 - lr: 0.100000
2023-02-28 03:20:48,031 epoch 23 - iter 226/1134 - loss 0.42047346 - samples/sec: 179.75 - lr: 0.100000
2023-02-28 03:21:16,620 epoch 23 - iter 339/1134 - loss 0.41936451 - samples/sec: 180.98 - lr: 0.100000
2023-02-28 03:21:45,396 epoch 23 - iter 452/1134 - loss 0.42034151 - samples/sec: 178.97 - lr: 0.100000
2023-02-28 03:22:14,174 epoch 23 - iter 565/1134 - loss 0.42154142 - samples/sec: 178.87 - lr: 0.100000
2023-02-28 03:22:40,180 epoch 23 - iter 678/1134 - loss 0.42144318 - samples/sec: 186.28 - lr: 0.100000
2023-02-28 03:23:09,072 epoch 23 - iter 791/1134 - loss 0.42034602 - samples/sec: 178.42 - lr: 0.100000
2023-02-28 03:23:37,685 epoch 23 - iter 904/1134 - loss 0.42063848 - samples/sec: 180.37 - lr: 0.100000
2023-02-28 03:24:06,633 epoch 23 - iter 1017/1134 - loss 0.42024971 - samples/sec: 178.64 - lr: 0.100000
2023-02-28 03:24:35,603 epoch 23 - iter 1130/1134 - loss 0.41973300 - samples/sec: 178.07 - lr: 0.100000
2023-02-28 03:24:36,428 ----------------------------------------------------------------------------------------------------
2023-02-28 03:24:36,430 EPOCH 23 done: loss 0.4198 - lr 0.100000
2023-02-28 03:24:36,432 BAD EPOCHS (no improvement): 0
2023-02-28 03:24:36,433 ----------------------------------------------------------------------------------------------------
2023-02-28 03:25:05,675 epoch 24 - iter 113/1134 - loss 0.41860643 - samples/sec: 175.42 - lr: 0.100000
2023-02-28 03:25:34,310 epoch 24 - iter 226/1134 - loss 0.41637223 - samples/sec: 180.38 - lr: 0.100000
2023-02-28 03:26:03,067 epoch 24 - iter 339/1134 - loss 0.41485631 - samples/sec: 179.24 - lr: 0.100000
2023-02-28 03:26:32,222 epoch 24 - iter 452/1134 - loss 0.41320654 - samples/sec: 177.43 - lr: 0.100000
2023-02-28 03:27:01,121 epoch 24 - iter 565/1134 - loss 0.41419351 - samples/sec: 178.04 - lr: 0.100000
2023-02-28 03:27:29,261 epoch 24 - iter 678/1134 - loss 0.41374420 - samples/sec: 184.10 - lr: 0.100000
2023-02-28 03:27:58,127 epoch 24 - iter 791/1134 - loss 0.41237047 - samples/sec: 178.45 - lr: 0.100000
2023-02-28 03:28:26,602 epoch 24 - iter 904/1134 - loss 0.41199962 - samples/sec: 181.55 - lr: 0.100000
2023-02-28 03:28:54,981 epoch 24 - iter 1017/1134 - loss 0.41300487 - samples/sec: 165.79 - lr: 0.100000
2023-02-28 03:29:23,559 epoch 24 - iter 1130/1134 - loss 0.41316358 - samples/sec: 180.38 - lr: 0.100000
2023-02-28 03:29:24,317 ----------------------------------------------------------------------------------------------------
2023-02-28 03:29:24,319 EPOCH 24 done: loss 0.4132 - lr 0.100000
2023-02-28 03:29:24,321 BAD EPOCHS (no improvement): 0
2023-02-28 03:29:24,323 ----------------------------------------------------------------------------------------------------
2023-02-28 03:29:53,787 epoch 25 - iter 113/1134 - loss 0.41320525 - samples/sec: 158.35 - lr: 0.100000
2023-02-28 03:30:22,054 epoch 25 - iter 226/1134 - loss 0.41286417 - samples/sec: 183.15 - lr: 0.100000
2023-02-28 03:30:51,359 epoch 25 - iter 339/1134 - loss 0.41346884 - samples/sec: 174.21 - lr: 0.100000
2023-02-28 03:31:19,950 epoch 25 - iter 452/1134 - loss 0.41262500 - samples/sec: 180.29 - lr: 0.100000
2023-02-28 03:31:48,328 epoch 25 - iter 565/1134 - loss 0.41163617 - samples/sec: 182.56 - lr: 0.100000
2023-02-28 03:32:17,054 epoch 25 - iter 678/1134 - loss 0.41211518 - samples/sec: 163.84 - lr: 0.100000
2023-02-28 03:32:44,994 epoch 25 - iter 791/1134 - loss 0.41209670 - samples/sec: 186.42 - lr: 0.100000
2023-02-28 03:33:13,960 epoch 25 - iter 904/1134 - loss 0.41138054 - samples/sec: 162.16 - lr: 0.100000
2023-02-28 03:33:41,896 epoch 25 - iter 1017/1134 - loss 0.41082672 - samples/sec: 186.59 - lr: 0.100000
2023-02-28 03:34:10,795 epoch 25 - iter 1130/1134 - loss 0.41067532 - samples/sec: 162.48 - lr: 0.100000
2023-02-28 03:34:11,517 ----------------------------------------------------------------------------------------------------
2023-02-28 03:34:11,520 EPOCH 25 done: loss 0.4108 - lr 0.100000
2023-02-28 03:34:11,520 BAD EPOCHS (no improvement): 0
2023-02-28 03:34:23,754 ----------------------------------------------------------------------------------------------------
2023-02-28 03:34:23,757 Testing using last state of model ...
2023-02-28 03:34:47,101 Evaluating as a multi-label problem: False
2023-02-28 03:34:47,449 0.9001	0.9001	0.9001	0.9001
2023-02-28 03:34:47,451 
Results:
- F-score (micro) 0.9001
- F-score (macro) 0.8072
- Accuracy 0.9001

By class:
              precision    recall  f1-score   support

        NOUN     0.8547    0.8935    0.8737      7185
       PUNCT     0.9513    0.9832    0.9670      5646
        VERB     0.8972    0.9113    0.9042      5332
         ADP     0.9453    0.9647    0.9549      4535
         DET     0.9359    0.9647    0.9501      4223
        PRON     0.9334    0.9384    0.9359      3719
         ADJ     0.8281    0.7920    0.8097      2962
       PROPN     0.7717    0.7734    0.7725      2802
         ADV     0.8821    0.8571    0.8695      2366
       CCONJ     0.9580    0.9446    0.9513      1932
         AUX     0.9458    0.9280    0.9368      1860
         NUM     0.9392    0.8307    0.8816       874
       SCONJ     0.8612    0.8097    0.8346       720
        PART     0.8874    0.8954    0.8914       669
        INTJ     0.9138    0.7637    0.8320       347
           X     0.7480    0.2049    0.3217       449
         SYM     0.8889    0.5455    0.6761       132
        PREP     0.6667    0.0952    0.1667        21

    accuracy                         0.9001     45774
   macro avg     0.8783    0.7831    0.8072     45774
weighted avg     0.8987    0.9001    0.8974     45774

2023-02-28 03:34:47,453 ----------------------------------------------------------------------------------------------------
2023-02-28 03:34:47,454 ----------------------------------------------------------------------------------------------------
2023-02-28 03:34:59,237 Evaluating as a multi-label problem: False
2023-02-28 03:34:59,431 /root/.flair/datasets/ud_english
2023-02-28 03:34:59,432 0.8945	0.8945	0.8945	0.8945
2023-02-28 03:34:59,434 ----------------------------------------------------------------------------------------------------
2023-02-28 03:35:03,812 Evaluating as a multi-label problem: False
2023-02-28 03:35:03,905 /root/.flair/datasets/ud_spanish
2023-02-28 03:35:03,906 0.9253	0.9253	0.9253	0.9253
2023-02-28 03:35:03,908 ----------------------------------------------------------------------------------------------------
2023-02-28 03:35:07,463 Evaluating as a multi-label problem: False
2023-02-28 03:35:07,533 ./
2023-02-28 03:35:07,534 0.8813	0.8813	0.8813	0.8813
o improvement): 0
2023-02-28 02:36:49,178 ----------------------------------------------------------------------------------------------------
2023-02-28 02:37:18,010 epoch 14 - iter 113/1134 - loss 0.47401431 - samples/sec: 163.26 - lr: 0.100000
2023-02-28 02:37:46,897 epoch 14 - iter 226/1134 - loss 0.47406420 - samples/sec: 178.46 - lr: 0.100000
2023-02-28 02:38:15,390 epoch 14 - iter 339/1134 - loss 0.47349658 - samples/sec: 182.33 - lr: 0.100000
2023-02-28 02:38:43,423 epoch 14 - iter 452/1134 - loss 0.47385524 - samples/sec: 185.20 - lr: 0.100000
2023-02-28 02:39:12,604 epoch 14 - iter 565/1134 - loss 0.47561464 - samples/sec: 175.28 - lr: 0.100000
2023-02-28 02:39:42,089 epoch 14 - iter 678/1134 - loss 0.47574035 - samples/sec: 173.81 - lr: 0.100000
2023-02-28 02:40:10,530 epoch 14 - iter 791/1134 - loss 0.47614563 - samples/sec: 165.64 - lr: 0.100000
2023-02-28 02:40:39,719 epoch 14 - iter 904/1134 - loss 0.47633014 - samples/sec: 175.84 - lr: 0.100000
2023-02-28 02:41:08,287 epoch 14 - iter 1017/1134 - loss 0.47570963 - samples/sec: 180.72 - lr: 0.100000
2023-02-28 02:41:36,883 epoch 14 - iter 1130/1134 - loss 0.47591960 - samples/sec: 180.84 - lr: 0.100000
2023-02-28 02:41:37,680 ----------------------------------------------------------------------------------------------------
2023-02-28 02:41:37,682 EPOCH 14 done: loss 0.4759 - lr 0.100000
2023-02-28 02:41:37,684 BAD EPOCHS (no improvement): 0
2023-02-28 02:41:37,686 ----------------------------------------------------------------------------------------------------
2023-02-28 02:42:06,395 epoch 15 - iter 113/1134 - loss 0.47676125 - samples/sec: 179.90 - lr: 0.100000
2023-02-28 02:42:35,076 epoch 15 - iter 226/1134 - loss 0.47229997 - samples/sec: 180.55 - lr: 0.100000
2023-02-28 02:43:04,221 epoch 15 - iter 339/1134 - loss 0.47064994 - samples/sec: 161.91 - lr: 0.100000
2023-02-28 02:43:33,263 epoch 15 - iter 452/1134 - loss 0.47126680 - samples/sec: 177.75 - lr: 0.100000
2023-02-28 02:44:02,472 epoch 15 - iter 565/1134 - loss 0.47054861 - samples/sec: 176.16 - lr: 0.100000
2023-02-28 02:44:31,314 epoch 15 - iter 678/1134 - loss 0.46921880 - samples/sec: 179.72 - lr: 0.100000
2023-02-28 02:45:00,129 epoch 15 - iter 791/1134 - loss 0.46824704 - samples/sec: 179.85 - lr: 0.100000
2023-02-28 02:45:26,654 epoch 15 - iter 904/1134 - loss 0.46784800 - samples/sec: 182.24 - lr: 0.100000
2023-02-28 02:45:55,593 epoch 15 - iter 1017/1134 - loss 0.46768223 - samples/sec: 178.03 - lr: 0.100000
2023-02-28 02:46:24,798 epoch 15 - iter 1130/1134 - loss 0.46855421 - samples/sec: 176.03 - lr: 0.100000
2023-02-28 02:46:25,644 ----------------------------------------------------------------------------------------------------
2023-02-28 02:46:25,646 EPOCH 15 done: loss 0.4685 - lr 0.100000
2023-02-28 02:46:25,649 BAD EPOCHS (no improvement): 0
2023-02-28 02:46:25,651 ----------------------------------------------------------------------------------------------------
2023-02-28 02:46:55,506 epoch 16 - iter 113/1134 - loss 0.45976256 - samples/sec: 173.43 - lr: 0.100000
2023-02-28 02:47:24,079 epoch 16 - iter 226/1134 - loss 0.46097985 - samples/sec: 183.08 - lr: 0.100000
2023-02-28 02:47:53,804 epoch 16 - iter 339/1134 - loss 0.45981173 - samples/sec: 173.25 - lr: 0.100000
2023-02-28 02:48:23,399 epoch 16 - iter 452/1134 - loss 0.46078631 - samples/sec: 174.28 - lr: 0.100000
2023-02-28 02:48:52,056 epoch 16 - iter 565/1134 - loss 0.46325288 - samples/sec: 181.37 - lr: 0.100000
2023-02-28 02:49:21,087 epoch 16 - iter 678/1134 - loss 0.46423602 - samples/sec: 162.38 - lr: 0.100000
2023-02-28 02:49:50,146 epoch 16 - iter 791/1134 - loss 0.46287382 - samples/sec: 176.98 - lr: 0.100000
2023-02-28 02:50:18,879 epoch 16 - iter 904/1134 - loss 0.46253534 - samples/sec: 179.14 - lr: 0.100000
2023-02-28 02:50:47,519 epoch 16 - iter 1017/1134 - loss 0.46102942 - samples/sec: 180.13 - lr: 0.100000
2023-02-28 02:51:15,819 epoch 16 - iter 1130/1134 - loss 0.46093094 - samples/sec: 182.70 - lr: 0.100000
2023-02-28 02:51:16,607 ----------------------------------------------------------------------------------------------------
2023-02-28 02:51:16,609 EPOCH 16 done: loss 0.4611 - lr 0.100000
2023-02-28 02:51:16,610 BAD EPOCHS (no improvement): 0
2023-02-28 02:51:16,613 ----------------------------------------------------------------------------------------------------
2023-02-28 02:51:44,557 epoch 17 - iter 113/1134 - loss 0.44687781 - samples/sec: 185.60 - lr: 0.100000
2023-02-28 02:52:12,987 epoch 17 - iter 226/1134 - loss 0.45227289 - samples/sec: 182.46 - lr: 0.100000
2023-02-28 02:52:42,057 epoch 17 - iter 339/1134 - loss 0.45257510 - samples/sec: 176.95 - lr: 0.100000
2023-02-28 02:53:10,201 epoch 17 - iter 452/1134 - loss 0.45382141 - samples/sec: 184.02 - lr: 0.100000
2023-02-28 02:53:38,670 epoch 17 - iter 565/1134 - loss 0.45309207 - samples/sec: 165.50 - lr: 0.100000
2023-02-28 02:54:06,893 epoch 17 - iter 678/1134 - loss 0.45426809 - samples/sec: 183.29 - lr: 0.100000
2023-02-28 02:54:35,602 epoch 17 - iter 791/1134 - loss 0.45401127 - samples/sec: 178.71 - lr: 0.100000
2023-02-28 02:55:04,063 epoch 17 - iter 904/1134 - loss 0.45472120 - samples/sec: 181.24 - lr: 0.100000
2023-02-28 02:55:32,428 epoch 17 - iter 1017/1134 - loss 0.45440686 - samples/sec: 181.96 - lr: 0.100000
2023-02-28 02:56:01,158 epoch 17 - iter 1130/1134 - loss 0.45396270 - samples/sec: 179.29 - lr: 0.100000
2023-02-28 02:56:01,919 ----------------------------------------------------------------------------------------------------
2023-02-28 02:56:01,922 EPOCH 17 done: loss 0.4539 - lr 0.100000
2023-02-28 02:56:01,923 BAD EPOCHS (no improvement): 0
2023-02-28 02:56:01,925 ----------------------------------------------------------------------------------------------------
2023-02-28 02:56:30,006 epoch 18 - iter 113/1134 - loss 0.45853065 - samples/sec: 184.09 - lr: 0.100000
2023-02-28 02:56:58,458 epoch 18 - iter 226/1134 - loss 0.45325763 - samples/sec: 181.83 - lr: 0.100000
2023-02-28 02:57:26,601 epoch 18 - iter 339/1134 - loss 0.45235742 - samples/sec: 183.95 - lr: 0.100000
2023-02-28 02:57:54,436 epoch 18 - iter 452/1134 - loss 0.45256654 - samples/sec: 186.96 - lr: 0.100000
2023-02-28 02:58:21,931 epoch 18 - iter 565/1134 - loss 0.45310404 - samples/sec: 173.63 - lr: 0.100000
2023-02-28 02:58:50,821 epoch 18 - iter 678/1134 - loss 0.45054875 - samples/sec: 178.24 - lr: 0.100000
2023-02-28 02:59:19,085 epoch 18 - iter 791/1134 - loss 0.44922033 - samples/sec: 183.65 - lr: 0.100000
2023-02-28 02:59:46,580 epoch 18 - iter 904/1134 - loss 0.44938451 - samples/sec: 189.25 - lr: 0.100000
2023-02-28 03:00:16,054 epoch 18 - iter 1017/1134 - loss 0.44924866 - samples/sec: 172.47 - lr: 0.100000
2023-02-28 03:00:44,588 epoch 18 - iter 1130/1134 - loss 0.44852405 - samples/sec: 181.04 - lr: 0.100000
2023-02-28 03:00:45,363 ----------------------------------------------------------------------------------------------------
2023-02-28 03:00:45,365 EPOCH 18 done: loss 0.4486 - lr 0.100000
2023-02-28 03:00:45,367 BAD EPOCHS (no improvement): 0
2023-02-28 03:00:45,369 ----------------------------------------------------------------------------------------------------
2023-02-28 03:01:12,947 epoch 19 - iter 113/1134 - loss 0.44386579 - samples/sec: 188.79 - lr: 0.100000
2023-02-28 03:01:41,743 epoch 19 - iter 226/1134 - loss 0.44153121 - samples/sec: 178.90 - lr: 0.100000
2023-02-28 03:02:10,299 epoch 19 - iter 339/1134 - loss 0.44341347 - samples/sec: 180.81 - lr: 0.100000
2023-02-28 03:02:38,631 epoch 19 - iter 452/1134 - loss 0.44555496 - samples/sec: 182.06 - lr: 0.100000
2023-02-28 03:03:07,551 epoch 19 - iter 565/1134 - loss 0.44323330 - samples/sec: 177.55 - lr: 0.100000
2023-02-28 03:03:36,669 epoch 19 - iter 678/1134 - loss 0.44163484 - samples/sec: 175.05 - lr: 0.100000
2023-02-28 03:04:05,131 epoch 19 - iter 791/1134 - loss 0.44130682 - samples/sec: 166.31 - lr: 0.100000
2023-02-28 03:04:32,641 epoch 19 - iter 904/1134 - loss 0.44083753 - samples/sec: 172.01 - lr: 0.100000
2023-02-28 03:05:02,120 epoch 19 - iter 1017/1134 - loss 0.44055793 - samples/sec: 158.28 - lr: 0.100000
2023-02-28 03:05:30,368 epoch 19 - iter 1130/1134 - loss 0.43998859 - samples/sec: 183.14 - lr: 0.100000
2023-02-28 03:05:31,188 ----------------------------------------------------------------------------------------------------
2023-02-28 03:05:31,190 EPOCH 19 done: loss 0.4399 - lr 0.100000
2023-02-28 03:05:31,192 BAD EPOCHS (no improvement): 0
2023-02-28 03:05:31,194 ----------------------------------------------------------------------------------------------------
2023-02-28 03:05:59,571 epoch 20 - iter 113/1134 - loss 0.43033872 - samples/sec: 182.03 - lr: 0.100000
2023-02-28 03:06:27,198 epoch 20 - iter 226/1134 - loss 0.43395229 - samples/sec: 188.23 - lr: 0.100000
2023-02-28 03:06:55,945 epoch 20 - iter 339/1134 - loss 0.43521319 - samples/sec: 178.95 - lr: 0.100000
2023-02-28 03:07:24,469 epoch 20 - iter 452/1134 - loss 0.43515952 - samples/sec: 165.37 - lr: 0.100000
2023-02-28 03:07:52,920 epoch 20 - iter 565/1134 - loss 0.43644429 - samples/sec: 181.24 - lr: 0.100000
2023-02-28 03:08:21,885 epoch 20 - iter 678/1134 - loss 0.43572720 - samples/sec: 176.94 - lr: 0.100000
2023-02-28 03:08:50,363 epoch 20 - iter 791/1134 - loss 0.43636909 - samples/sec: 151.72 - lr: 0.100000
2023-02-28 03:09:18,723 epoch 20 - iter 904/1134 - loss 0.43567582 - samples/sec: 182.23 - lr: 0.100000
2023-02-28 03:09:47,762 epoch 20 - iter 1017/1134 - loss 0.43533449 - samples/sec: 176.80 - lr: 0.100000
2023-02-28 03:10:16,971 epoch 20 - iter 1130/1134 - loss 0.43533054 - samples/sec: 175.57 - lr: 0.100000
2023-02-28 03:10:17,657 ----------------------------------------------------------------------------------------------------
2023-02-28 03:10:17,659 EPOCH 20 done: loss 0.4354 - lr 0.100000
2023-02-28 03:10:17,661 BAD EPOCHS (no improvement): 0
2023-02-28 03:10:17,663 ----------------------------------------------------------------------------------------------------
2023-02-28 03:10:46,066 epoch 21 - iter 113/1134 - loss 0.42635628 - samples/sec: 181.47 - lr: 0.100000
2023-02-28 03:11:14,187 epoch 21 - iter 226/1134 - loss 0.42775797 - samples/sec: 167.70 - lr: 0.100000
2023-02-28 03:11:40,964 epoch 21 - iter 339/1134 - loss 0.42687818 - samples/sec: 179.35 - lr: 0.100000
2023-02-28 03:12:09,845 epoch 21 - iter 452/1134 - loss 0.42776396 - samples/sec: 177.98 - lr: 0.100000
2023-02-28 03:12:37,537 epoch 21 - iter 565/1134 - loss 0.42742329 - samples/sec: 187.85 - lr: 0.100000
2023-02-28 03:13:06,006 epoch 21 - iter 678/1134 - loss 0.42841738 - samples/sec: 181.00 - lr: 0.100000
2023-02-28 03:13:35,405 epoch 21 - iter 791/1134 - loss 0.42905107 - samples/sec: 173.36 - lr: 0.100000
2023-02-28 03:14:03,677 epoch 21 - iter 904/1134 - loss 0.42884390 - samples/sec: 182.99 - lr: 0.100000
2023-02-28 03:14:32,310 epoch 21 - iter 1017/1134 - loss 0.42822439 - samples/sec: 164.98 - lr: 0.100000
2023-02-28 03:15:00,975 epoch 21 - iter 1130/1134 - loss 0.42753892 - samples/sec: 179.61 - lr: 0.100000
2023-02-28 03:15:01,933 ----------------------------------------------------------------------------------------------------
2023-02-28 03:15:01,936 EPOCH 21 done: loss 0.4276 - lr 0.100000
2023-02-28 03:15:01,937 BAD EPOCHS (no improvement): 0
2023-02-28 03:15:01,939 ----------------------------------------------------------------------------------------------------
2023-02-28 03:15:30,575 epoch 22 - iter 113/1134 - loss 0.41140909 - samples/sec: 180.89 - lr: 0.100000
2023-02-28 03:15:58,378 epoch 22 - iter 226/1134 - loss 0.41923830 - samples/sec: 170.64 - lr: 0.100000
2023-02-28 03:16:26,961 epoch 22 - iter 339/1134 - loss 0.42230835 - samples/sec: 181.77 - lr: 0.100000
2023-02-28 03:16:55,267 epoch 22 - iter 452/1134 - loss 0.42294811 - samples/sec: 182.43 - lr: 0.100000
2023-02-28 03:17:24,188 epoch 22 - iter 565/1134 - loss 0.42389287 - samples/sec: 177.98 - lr: 0.100000
2023-02-28 03:17:53,398 epoch 22 - iter 678/1134 - loss 0.42334903 - samples/sec: 174.63 - lr: 0.100000
2023-02-28 03:18:22,739 epoch 22 - iter 791/1134 - loss 0.42386186 - samples/sec: 160.10 - lr: 0.100000
2023-02-28 03:18:51,157 epoch 22 - iter 904/1134 - loss 0.42437223 - samples/sec: 182.83 - lr: 0.100000
2023-02-28 03:19:20,058 epoch 22 - iter 1017/1134 - loss 0.42418521 - samples/sec: 178.47 - lr: 0.100000
2023-02-28 03:19:48,957 epoch 22 - iter 1130/1134 - loss 0.42397213 - samples/sec: 177.90 - lr: 0.100000
2023-02-28 03:19:49,808 ----------------------------------------------------------------------------------------------------
2023-02-28 03:19:49,809 EPOCH 22 done: loss 0.4239 - lr 0.100000
2023-02-28 03:19:49,810 BAD EPOCHS (no improvement): 0
2023-02-28 03:19:49,814 ----------------------------------------------------------------------------------------------------
2023-02-28 03:20:19,202 epoch 23 - iter 113/1134 - loss 0.42503063 - samples/sec: 174.20 - lr: 0.100000
2023-02-28 03:20:48,031 epoch 23 - iter 226/1134 - loss 0.42047346 - samples/sec: 179.75 - lr: 0.100000
2023-02-28 03:21:16,620 epoch 23 - iter 339/1134 - loss 0.41936451 - samples/sec: 180.98 - lr: 0.100000
2023-02-28 03:21:45,396 epoch 23 - iter 452/1134 - loss 0.42034151 - samples/sec: 178.97 - lr: 0.100000
2023-02-28 03:22:14,174 epoch 23 - iter 565/1134 - loss 0.42154142 - samples/sec: 178.87 - lr: 0.100000
2023-02-28 03:22:40,180 epoch 23 - iter 678/1134 - loss 0.42144318 - samples/sec: 186.28 - lr: 0.100000
2023-02-28 03:23:09,072 epoch 23 - iter 791/1134 - loss 0.42034602 - samples/sec: 178.42 - lr: 0.100000
2023-02-28 03:23:37,685 epoch 23 - iter 904/1134 - loss 0.42063848 - samples/sec: 180.37 - lr: 0.100000
2023-02-28 03:24:06,633 epoch 23 - iter 1017/1134 - loss 0.42024971 - samples/sec: 178.64 - lr: 0.100000
2023-02-28 03:24:35,603 epoch 23 - iter 1130/1134 - loss 0.41973300 - samples/sec: 178.07 - lr: 0.100000
2023-02-28 03:24:36,428 ----------------------------------------------------------------------------------------------------
2023-02-28 03:24:36,430 EPOCH 23 done: loss 0.4198 - lr 0.100000
2023-02-28 03:24:36,432 BAD EPOCHS (no improvement): 0
2023-02-28 03:24:36,433 ----------------------------------------------------------------------------------------------------
2023-02-28 03:25:05,675 epoch 24 - iter 113/1134 - loss 0.41860643 - samples/sec: 175.42 - lr: 0.100000
2023-02-28 03:25:34,310 epoch 24 - iter 226/1134 - loss 0.41637223 - samples/sec: 180.38 - lr: 0.100000
2023-02-28 03:26:03,067 epoch 24 - iter 339/1134 - loss 0.41485631 - samples/sec: 179.24 - lr: 0.100000
2023-02-28 03:26:32,222 epoch 24 - iter 452/1134 - loss 0.41320654 - samples/sec: 177.43 - lr: 0.100000
2023-02-28 03:27:01,121 epoch 24 - iter 565/1134 - loss 0.41419351 - samples/sec: 178.04 - lr: 0.100000
2023-02-28 03:27:29,261 epoch 24 - iter 678/1134 - loss 0.41374420 - samples/sec: 184.10 - lr: 0.100000
2023-02-28 03:27:58,127 epoch 24 - iter 791/1134 - loss 0.41237047 - samples/sec: 178.45 - lr: 0.100000
2023-02-28 03:28:26,602 epoch 24 - iter 904/1134 - loss 0.41199962 - samples/sec: 181.55 - lr: 0.100000
2023-02-28 03:28:54,981 epoch 24 - iter 1017/1134 - loss 0.41300487 - samples/sec: 165.79 - lr: 0.100000
2023-02-28 03:29:23,559 epoch 24 - iter 1130/1134 - loss 0.41316358 - samples/sec: 180.38 - lr: 0.100000
2023-02-28 03:29:24,317 ----------------------------------------------------------------------------------------------------
2023-02-28 03:29:24,319 EPOCH 24 done: loss 0.4132 - lr 0.100000
2023-02-28 03:29:24,321 BAD EPOCHS (no improvement): 0
2023-02-28 03:29:24,323 ----------------------------------------------------------------------------------------------------
2023-02-28 03:29:53,787 epoch 25 - iter 113/1134 - loss 0.41320525 - samples/sec: 158.35 - lr: 0.100000
2023-02-28 03:30:22,054 epoch 25 - iter 226/1134 - loss 0.41286417 - samples/sec: 183.15 - lr: 0.100000
2023-02-28 03:30:51,359 epoch 25 - iter 339/1134 - loss 0.41346884 - samples/sec: 174.21 - lr: 0.100000
2023-02-28 03:31:19,950 epoch 25 - iter 452/1134 - loss 0.41262500 - samples/sec: 180.29 - lr: 0.100000
2023-02-28 03:31:48,328 epoch 25 - iter 565/1134 - loss 0.41163617 - samples/sec: 182.56 - lr: 0.100000
2023-02-28 03:32:17,054 epoch 25 - iter 678/1134 - loss 0.41211518 - samples/sec: 163.84 - lr: 0.100000
2023-02-28 03:32:44,994 epoch 25 - iter 791/1134 - loss 0.41209670 - samples/sec: 186.42 - lr: 0.100000
2023-02-28 03:33:13,960 epoch 25 - iter 904/1134 - loss 0.41138054 - samples/sec: 162.16 - lr: 0.100000
2023-02-28 03:33:41,896 epoch 25 - iter 1017/1134 - loss 0.41082672 - samples/sec: 186.59 - lr: 0.100000
2023-02-28 03:34:10,795 epoch 25 - iter 1130/1134 - loss 0.41067532 - samples/sec: 162.48 - lr: 0.100000
2023-02-28 03:34:11,517 ----------------------------------------------------------------------------------------------------
2023-02-28 03:34:11,520 EPOCH 25 done: loss 0.4108 - lr 0.100000
2023-02-28 03:34:11,520 BAD EPOCHS (no improvement): 0
2023-02-28 03:34:23,754 ----------------------------------------------------------------------------------------------------
2023-02-28 03:34:23,757 Testing using last state of model ...
2023-02-28 03:34:47,101 Evaluating as a multi-label problem: False
2023-02-28 03:34:47,449 0.9001	0.9001	0.9001	0.9001
2023-02-28 03:34:47,451 
Results:
- F-score (micro) 0.9001
- F-score (macro) 0.8072
- Accuracy 0.9001

By class:
              precision    recall  f1-score   support

        NOUN     0.8547    0.8935    0.8737      7185
       PUNCT     0.9513    0.9832    0.9670      5646
        VERB     0.8972    0.9113    0.9042      5332
         ADP     0.9453    0.9647    0.9549      4535
         DET     0.9359    0.9647    0.9501      4223
        PRON     0.9334    0.9384    0.9359      3719
         ADJ     0.8281    0.7920    0.8097      2962
       PROPN     0.7717    0.7734    0.7725      2802
         ADV     0.8821    0.8571    0.8695      2366
       CCONJ     0.9580    0.9446    0.9513      1932
         AUX     0.9458    0.9280    0.9368      1860
         NUM     0.9392    0.8307    0.8816       874
       SCONJ     0.8612    0.8097    0.8346       720
        PART     0.8874    0.8954    0.8914       669
        INTJ     0.9138    0.7637    0.8320       347
           X     0.7480    0.2049    0.3217       449
         SYM     0.8889    0.5455    0.6761       132
        PREP     0.6667    0.0952    0.1667        21

    accuracy                         0.9001     45774
   macro avg     0.8783    0.7831    0.8072     45774
weighted avg     0.8987    0.9001    0.8974     45774

2023-02-28 03:34:47,453 ----------------------------------------------------------------------------------------------------
2023-02-28 03:34:47,454 ----------------------------------------------------------------------------------------------------
2023-02-28 03:34:59,237 Evaluating as a multi-label problem: False
2023-02-28 03:34:59,431 /root/.flair/datasets/ud_english
2023-02-28 03:34:59,432 0.8945	0.8945	0.8945	0.8945
2023-02-28 03:34:59,434 ----------------------------------------------------------------------------------------------------
2023-02-28 03:35:03,812 Evaluating as a multi-label problem: False
2023-02-28 03:35:03,905 /root/.flair/datasets/ud_spanish
2023-02-28 03:35:03,906 0.9253	0.9253	0.9253	0.9253
2023-02-28 03:35:03,908 ----------------------------------------------------------------------------------------------------
2023-02-28 03:35:07,463 Evaluating as a multi-label problem: False
2023-02-28 03:35:07,533 ./
2023-02-28 03:35:07,534 0.8813	0.8813	0.8813	0.8813
